<?xml version="1.0" encoding="UTF-8"?>
<testsuite xmlns:xsi="http://www.w3.org/2001/XMLSchema-instance" xsi:noNamespaceSchemaLocation="https://maven.apache.org/surefire/maven-surefire-plugin/xsd/surefire-test-report.xsd" name="runner.TestRunner" time="111.666" tests="36" errors="0" skipped="8" failures="4">
  <properties>
    <property name="sun.desktop" value="windows"/>
    <property name="awt.toolkit" value="sun.awt.windows.WToolkit"/>
    <property name="file.encoding.pkg" value="sun.io"/>
    <property name="java.specification.version" value="1.8"/>
    <property name="sun.cpu.isalist" value="amd64"/>
    <property name="sun.jnu.encoding" value="Cp1252"/>
    <property name="java.class.path" value="C:\Users\212688015\repos\cucumber\target\test-classes;C:\Users\212688015\repos\cucumber\target\classes;C:\Users\212688015\.m2\repository\info\cukes\cucumber-java\1.2.5\cucumber-java-1.2.5.jar;C:\Users\212688015\.m2\repository\info\cukes\cucumber-core\1.2.5\cucumber-core-1.2.5.jar;C:\Users\212688015\.m2\repository\info\cukes\cucumber-html\0.2.3\cucumber-html-0.2.3.jar;C:\Users\212688015\.m2\repository\info\cukes\cucumber-picocontainer\1.2.5\cucumber-picocontainer-1.2.5.jar;C:\Users\212688015\.m2\repository\info\cukes\cucumber-jvm-deps\1.0.5\cucumber-jvm-deps-1.0.5.jar;C:\Users\212688015\.m2\repository\info\cukes\gherkin\2.12.2\gherkin-2.12.2.jar;C:\Users\212688015\.m2\repository\org\picocontainer\picocontainer\2.15\picocontainer-2.15.jar;C:\Users\212688015\.m2\repository\info\cukes\cucumber-java8\1.2.5\cucumber-java8-1.2.5.jar;C:\Users\212688015\.m2\repository\org\seleniumhq\selenium\selenium-support\2.53.0\selenium-support-2.53.0.jar;C:\Users\212688015\.m2\repository\org\seleniumhq\selenium\selenium-remote-driver\2.53.0\selenium-remote-driver-2.53.0.jar;C:\Users\212688015\.m2\repository\cglib\cglib-nodep\2.1_3\cglib-nodep-2.1_3.jar;C:\Users\212688015\.m2\repository\com\google\code\gson\gson\2.3.1\gson-2.3.1.jar;C:\Users\212688015\.m2\repository\org\seleniumhq\selenium\selenium-api\2.53.0\selenium-api-2.53.0.jar;C:\Users\212688015\.m2\repository\org\apache\httpcomponents\httpclient\4.5.1\httpclient-4.5.1.jar;C:\Users\212688015\.m2\repository\org\apache\httpcomponents\httpcore\4.4.3\httpcore-4.4.3.jar;C:\Users\212688015\.m2\repository\commons-logging\commons-logging\1.2\commons-logging-1.2.jar;C:\Users\212688015\.m2\repository\com\google\guava\guava\19.0\guava-19.0.jar;C:\Users\212688015\.m2\repository\org\apache\commons\commons-exec\1.3\commons-exec-1.3.jar;C:\Users\212688015\.m2\repository\net\java\dev\jna\jna\4.1.0\jna-4.1.0.jar;C:\Users\212688015\.m2\repository\net\java\dev\jna\jna-platform\4.1.0\jna-platform-4.1.0.jar;C:\Users\212688015\.m2\repository\junit\junit\4.12\junit-4.12.jar;C:\Users\212688015\.m2\repository\org\hamcrest\hamcrest-core\1.3\hamcrest-core-1.3.jar;C:\Users\212688015\.m2\repository\info\cukes\cucumber-junit\1.2.5\cucumber-junit-1.2.5.jar;C:\Users\212688015\.m2\repository\org\seleniumhq\selenium\selenium-chrome-driver\2.53.0\selenium-chrome-driver-2.53.0.jar;C:\Users\212688015\.m2\repository\org\apache\poi\poi-ooxml\3.9\poi-ooxml-3.9.jar;C:\Users\212688015\.m2\repository\org\apache\poi\poi\3.9\poi-3.9.jar;C:\Users\212688015\.m2\repository\commons-codec\commons-codec\1.5\commons-codec-1.5.jar;C:\Users\212688015\.m2\repository\org\apache\poi\poi-ooxml-schemas\3.9\poi-ooxml-schemas-3.9.jar;C:\Users\212688015\.m2\repository\org\apache\xmlbeans\xmlbeans\2.3.0\xmlbeans-2.3.0.jar;C:\Users\212688015\.m2\repository\stax\stax-api\1.0.1\stax-api-1.0.1.jar;C:\Users\212688015\.m2\repository\dom4j\dom4j\1.6.1\dom4j-1.6.1.jar;C:\Users\212688015\.m2\repository\xml-apis\xml-apis\1.0.b2\xml-apis-1.0.b2.jar;C:\Users\212688015\.m2\repository\commons-io\commons-io\1.3.2\commons-io-1.3.2.jar;"/>
    <property name="java.vm.vendor" value="Oracle Corporation"/>
    <property name="sun.arch.data.model" value="64"/>
    <property name="user.variant" value=""/>
    <property name="java.vendor.url" value="http://java.oracle.com/"/>
    <property name="user.timezone" value=""/>
    <property name="java.vm.specification.version" value="1.8"/>
    <property name="os.name" value="Windows 10"/>
    <property name="user.country" value="US"/>
    <property name="sun.java.launcher" value="SUN_STANDARD"/>
    <property name="sun.boot.library.path" value="C:\Program Files\Java\jdk1.8.0_151\jre\bin"/>
    <property name="sun.java.command" value="C:\Users\212688~1\AppData\Local\Temp\surefire4646913736048590233\surefirebooter2201193802606697987.jar C:\Users\212688015\AppData\Local\Temp\surefire4646913736048590233 2018-04-12T13-53-48_313-jvmRun1 surefire2394376811191062927tmp surefire_07583373704109819220tmp"/>
    <property name="surefire.test.class.path" value="C:\Users\212688015\repos\cucumber\target\test-classes;C:\Users\212688015\repos\cucumber\target\classes;C:\Users\212688015\.m2\repository\info\cukes\cucumber-java\1.2.5\cucumber-java-1.2.5.jar;C:\Users\212688015\.m2\repository\info\cukes\cucumber-core\1.2.5\cucumber-core-1.2.5.jar;C:\Users\212688015\.m2\repository\info\cukes\cucumber-html\0.2.3\cucumber-html-0.2.3.jar;C:\Users\212688015\.m2\repository\info\cukes\cucumber-picocontainer\1.2.5\cucumber-picocontainer-1.2.5.jar;C:\Users\212688015\.m2\repository\info\cukes\cucumber-jvm-deps\1.0.5\cucumber-jvm-deps-1.0.5.jar;C:\Users\212688015\.m2\repository\info\cukes\gherkin\2.12.2\gherkin-2.12.2.jar;C:\Users\212688015\.m2\repository\org\picocontainer\picocontainer\2.15\picocontainer-2.15.jar;C:\Users\212688015\.m2\repository\info\cukes\cucumber-java8\1.2.5\cucumber-java8-1.2.5.jar;C:\Users\212688015\.m2\repository\org\seleniumhq\selenium\selenium-support\2.53.0\selenium-support-2.53.0.jar;C:\Users\212688015\.m2\repository\org\seleniumhq\selenium\selenium-remote-driver\2.53.0\selenium-remote-driver-2.53.0.jar;C:\Users\212688015\.m2\repository\cglib\cglib-nodep\2.1_3\cglib-nodep-2.1_3.jar;C:\Users\212688015\.m2\repository\com\google\code\gson\gson\2.3.1\gson-2.3.1.jar;C:\Users\212688015\.m2\repository\org\seleniumhq\selenium\selenium-api\2.53.0\selenium-api-2.53.0.jar;C:\Users\212688015\.m2\repository\org\apache\httpcomponents\httpclient\4.5.1\httpclient-4.5.1.jar;C:\Users\212688015\.m2\repository\org\apache\httpcomponents\httpcore\4.4.3\httpcore-4.4.3.jar;C:\Users\212688015\.m2\repository\commons-logging\commons-logging\1.2\commons-logging-1.2.jar;C:\Users\212688015\.m2\repository\com\google\guava\guava\19.0\guava-19.0.jar;C:\Users\212688015\.m2\repository\org\apache\commons\commons-exec\1.3\commons-exec-1.3.jar;C:\Users\212688015\.m2\repository\net\java\dev\jna\jna\4.1.0\jna-4.1.0.jar;C:\Users\212688015\.m2\repository\net\java\dev\jna\jna-platform\4.1.0\jna-platform-4.1.0.jar;C:\Users\212688015\.m2\repository\junit\junit\4.12\junit-4.12.jar;C:\Users\212688015\.m2\repository\org\hamcrest\hamcrest-core\1.3\hamcrest-core-1.3.jar;C:\Users\212688015\.m2\repository\info\cukes\cucumber-junit\1.2.5\cucumber-junit-1.2.5.jar;C:\Users\212688015\.m2\repository\org\seleniumhq\selenium\selenium-chrome-driver\2.53.0\selenium-chrome-driver-2.53.0.jar;C:\Users\212688015\.m2\repository\org\apache\poi\poi-ooxml\3.9\poi-ooxml-3.9.jar;C:\Users\212688015\.m2\repository\org\apache\poi\poi\3.9\poi-3.9.jar;C:\Users\212688015\.m2\repository\commons-codec\commons-codec\1.5\commons-codec-1.5.jar;C:\Users\212688015\.m2\repository\org\apache\poi\poi-ooxml-schemas\3.9\poi-ooxml-schemas-3.9.jar;C:\Users\212688015\.m2\repository\org\apache\xmlbeans\xmlbeans\2.3.0\xmlbeans-2.3.0.jar;C:\Users\212688015\.m2\repository\stax\stax-api\1.0.1\stax-api-1.0.1.jar;C:\Users\212688015\.m2\repository\dom4j\dom4j\1.6.1\dom4j-1.6.1.jar;C:\Users\212688015\.m2\repository\xml-apis\xml-apis\1.0.b2\xml-apis-1.0.b2.jar;C:\Users\212688015\.m2\repository\commons-io\commons-io\1.3.2\commons-io-1.3.2.jar;"/>
    <property name="sun.cpu.endian" value="little"/>
    <property name="user.home" value="C:\Users\212688015"/>
    <property name="user.language" value="en"/>
    <property name="java.specification.vendor" value="Oracle Corporation"/>
    <property name="java.home" value="C:\Program Files\Java\jdk1.8.0_151\jre"/>
    <property name="basedir" value="C:\Users\212688015\repos\cucumber"/>
    <property name="file.separator" value="\"/>
    <property name="line.separator" value="&#10;"/>
    <property name="java.vm.specification.vendor" value="Oracle Corporation"/>
    <property name="java.specification.name" value="Java Platform API Specification"/>
    <property name="java.awt.graphicsenv" value="sun.awt.Win32GraphicsEnvironment"/>
    <property name="surefire.real.class.path" value="C:\Users\212688~1\AppData\Local\Temp\surefire4646913736048590233\surefirebooter2201193802606697987.jar"/>
    <property name="sun.boot.class.path" value="C:\Program Files\Java\jdk1.8.0_151\jre\lib\resources.jar;C:\Program Files\Java\jdk1.8.0_151\jre\lib\rt.jar;C:\Program Files\Java\jdk1.8.0_151\jre\lib\sunrsasign.jar;C:\Program Files\Java\jdk1.8.0_151\jre\lib\jsse.jar;C:\Program Files\Java\jdk1.8.0_151\jre\lib\jce.jar;C:\Program Files\Java\jdk1.8.0_151\jre\lib\charsets.jar;C:\Program Files\Java\jdk1.8.0_151\jre\lib\jfr.jar;C:\Program Files\Java\jdk1.8.0_151\jre\classes"/>
    <property name="user.script" value=""/>
    <property name="sun.management.compiler" value="HotSpot 64-Bit Tiered Compilers"/>
    <property name="java.runtime.version" value="1.8.0_151-b12"/>
    <property name="user.name" value="212688015"/>
    <property name="path.separator" value=";"/>
    <property name="os.version" value="10.0"/>
    <property name="java.endorsed.dirs" value="C:\Program Files\Java\jdk1.8.0_151\jre\lib\endorsed"/>
    <property name="java.runtime.name" value="Java(TM) SE Runtime Environment"/>
    <property name="file.encoding" value="Cp1252"/>
    <property name="java.vm.name" value="Java HotSpot(TM) 64-Bit Server VM"/>
    <property name="localRepository" value="C:\Users\212688015\.m2\repository"/>
    <property name="java.vendor.url.bug" value="http://bugreport.sun.com/bugreport/"/>
    <property name="java.io.tmpdir" value="C:\Users\212688~1\AppData\Local\Temp\"/>
    <property name="java.version" value="1.8.0_151"/>
    <property name="user.dir" value="C:\Users\212688015\repos\cucumber"/>
    <property name="os.arch" value="amd64"/>
    <property name="java.vm.specification.name" value="Java Virtual Machine Specification"/>
    <property name="java.awt.printerjob" value="sun.awt.windows.WPrinterJob"/>
    <property name="sun.os.patch.level" value=""/>
    <property name="java.library.path" value="C:\Program Files\Java\jdk1.8.0_151\jre\bin;C:\Windows\Sun\Java\bin;C:\Windows\system32;C:\Windows;C:\ProgramData\Oracle\Java\javapath;C:\Program Files (x86)\Intel\Intel(R) Management Engine Components\iCLS\;C:\Program Files\Intel\Intel(R) Management Engine Components\iCLS\;C:\Windows\system32;C:\Windows;C:\Windows\System32\Wbem;C:\Windows\System32\WindowsPowerShell\v1.0\;C:\Program Files (x86)\NVIDIA Corporation\PhysX\Common;C:\Program Files\Java\jdk1.8.0_151\bin;C:\Program Files (x86)\Intel\Intel(R) Management Engine Components\DAL;C:\Program Files\Intel\Intel(R) Management Engine Components\DAL;C:\Program Files (x86)\Intel\Intel(R) Management Engine Components\IPT;C:\Program Files\Intel\Intel(R) Management Engine Components\IPT;C:\Program Files\Git\cmd;C:\Program Files\Apache\apache-maven-3.5.2\bin;C:\Python27;C:\Python27\Scripts;C:\Program Files (x86)\nodejs\;C:\Users\212688015\AppData\Local\Microsoft\WindowsApps;C:\Users\212688015\AppData\Roaming\npm;."/>
    <property name="java.vm.info" value="mixed mode"/>
    <property name="java.vendor" value="Oracle Corporation"/>
    <property name="java.vm.version" value="25.151-b12"/>
    <property name="java.ext.dirs" value="C:\Program Files\Java\jdk1.8.0_151\jre\lib\ext;C:\Windows\Sun\Java\lib\ext"/>
    <property name="sun.io.unicode.encoding" value="UnicodeLittle"/>
    <property name="java.class.version" value="52.0"/>
  </properties>
  <testcase name="Given I navigate to the app" classname="Scenario: Update personal information" time="0"/>
  <testcase name="Then I click login link" classname="Scenario: Update personal information" time="0"/>
  <testcase name="Then I login with username as &quot;test-user&quot; and password as &quot;TA12345&quot;" classname="Scenario: Update personal information" time="0"/>
  <testcase name="When I click username link" classname="Scenario: Update personal information" time="0"/>
  <testcase name="Then I should see username as &quot;test-user&quot; on the profile page" classname="Scenario: Update personal information" time="0"/>
  <testcase name="And I click update personal information link" classname="Scenario: Update personal information" time="0"/>
  <testcase name="And I enter name as &quot;Test&quot; and surname as &quot;Automation&quot; and email as &quot;emrahbakirtas@yahoo.com&quot; and city as &quot;Istanbul&quot;" classname="Scenario: Update personal information" time="0"/>
  <testcase name="And I log out" classname="Scenario: Update personal information" time="0"/>
  <testcase name="Scenario: Update personal information" classname="Scenario: Update personal information" time="2.51"/>
  <testcase name="Given I navigate to the app" classname="Scenario: Update password" time="0"/>
  <testcase name="Then I click login link" classname="Scenario: Update password" time="0"/>
  <testcase name="Then I login with username as &quot;test-user&quot; and password as &quot;TA12345&quot;" classname="Scenario: Update password" time="0"/>
  <testcase name="When I click username link" classname="Scenario: Update password" time="0"/>
  <testcase name="Then I should see username as &quot;test-user&quot; on the profile page" classname="Scenario: Update password" time="0"/>
  <testcase name="And I click update password link" classname="Scenario: Update password" time="0"/>
  <testcase name="And I enter oldPassword as &quot;TA12345&quot; and newPassword as &quot;TA12345&quot;" classname="Scenario: Update password" time="0"/>
  <testcase name="And I log out" classname="Scenario: Update password" time="0"/>
  <testcase name="Scenario: Update password" classname="Scenario: Update password" time="2.303"/>
  <testcase name="Given I navigate to the app" classname="| winter sleep | 88 |" time="0"/>
  <testcase name="Then I click login link" classname="| winter sleep | 88 |" time="0"/>
  <testcase name="And I login with username as &quot;test-user&quot; and password as &quot;TA12345&quot;" classname="| winter sleep | 88 |" time="0"/>
  <testcase name="And I search a winter sleep" classname="| winter sleep | 88 |" time="0.008">
    <failure message="expected:&lt;false&gt; but was:&lt;true&gt;" type="java.lang.AssertionError"><![CDATA[java.lang.AssertionError: expected:<false> but was:<true>
]]></failure>
  </testcase>
  <testcase name="| winter sleep | 88 |" classname="| winter sleep | 88 |" time="0.008">
    <failure message="expected:&lt;false&gt; but was:&lt;true&gt;" type="java.lang.AssertionError"><![CDATA[java.lang.AssertionError: expected:<false> but was:<true>
]]></failure>
  </testcase>
  <testcase name="When I click on movie" classname="| winter sleep | 88 |" time="0">
    <skipped/>
  </testcase>
  <testcase name="Then I should see movie page that includes the winter sleep" classname="| winter sleep | 88 |" time="0">
    <skipped/>
  </testcase>
  <testcase name="And I vote for the movie with 88" classname="| winter sleep | 88 |" time="0">
    <skipped/>
  </testcase>
  <testcase name="And I log out" classname="| winter sleep | 88 |" time="0">
    <skipped/>
  </testcase>
  <testcase name="Given I navigate to the app" classname="| the dark knight | 97 |" time="0"/>
  <testcase name="Then I click login link" classname="| the dark knight | 97 |" time="0"/>
  <testcase name="And I login with username as &quot;test-user&quot; and password as &quot;TA12345&quot;" classname="| the dark knight | 97 |" time="0"/>
  <testcase name="And I search a the dark knight" classname="| the dark knight | 97 |" time="0.001">
    <failure message="expected:&lt;false&gt; but was:&lt;true&gt;" type="java.lang.AssertionError"><![CDATA[java.lang.AssertionError: expected:<false> but was:<true>
]]></failure>
  </testcase>
  <testcase name="| the dark knight | 97 |" classname="| the dark knight | 97 |" time="0.001">
    <failure message="expected:&lt;false&gt; but was:&lt;true&gt;" type="java.lang.AssertionError"><![CDATA[java.lang.AssertionError: expected:<false> but was:<true>
]]></failure>
  </testcase>
  <testcase name="When I click on movie" classname="| the dark knight | 97 |" time="0">
    <skipped/>
  </testcase>
  <testcase name="Then I should see movie page that includes the the dark knight" classname="| the dark knight | 97 |" time="0">
    <skipped/>
  </testcase>
  <testcase name="And I vote for the movie with 97" classname="| the dark knight | 97 |" time="0">
    <skipped/>
  </testcase>
  <testcase name="And I log out" classname="| the dark knight | 97 |" time="0">
    <skipped/>
  </testcase>
</testsuite>